ERROR:root:NoSuchElementException: 'WebDriver' object has no attribute 'find_elemeeent'
ERROR:root:NoSuchElementException: 'WebDriver' object has no attribute 'find_elemeeent'
